C51 COMPILER V9.53.0.0   DEVICE_AD7298                                                     08/06/2020 18:09:13 PAGE 1   


C51 COMPILER V9.53.0.0, COMPILATION OF MODULE DEVICE_AD7298
OBJECT MODULE PLACED IN .\src\device_ad7298.OBJ
COMPILER INVOKED BY: c:\SiliconLabs\SimplicityStudio\v4\developer\toolchains\keil_8051\9.53\BIN\C51.exe F:\work\ROSA_Pow
                    -er\software\C8051\2020.08.06_c8051\ROSA_POWER_EVK\src\device_ad7298.c OMF2 SMALL DEBUG OBJECTEXTEND ROM(LARGE) WARNINGLE
                    -VEL(2) FLOATFUZZY(3) OPTIMIZE(8,SPEED) INTVECTOR(0X0000) INTPROMOTE INCDIR(C:/SiliconLabs/SimplicityStudio/v4/developer/
                    -sdks/8051/v4.1.1//Device/shared/si8051Base;C:/SiliconLabs/SimplicityStudio/v4/developer/sdks/8051/v4.1.1//Device/C8051F3
                    -40/inc;C:/SiliconLabs/SimplicityStudio/v4/developer/sdks/8051/v4.1.1//examples/C8051F340DK/USB/USBXpress/C8051F340_USBXp
                    -ress_Echo/src;C:/SiliconLabs/SimplicityStudio/v4/developer/sdks/8051/v4.1.1//Lib/USBXpress) PRINT(.\src\device_ad7298.ls
                    -t) COND PAGEWIDTH(120) PAGELENGTH(65) OBJECT(.\src\device_ad7298.OBJ)

line level    source

   1          //--------------------------------------------------------------------------
   2          //      Copyright (c) 2017-2018, xy-technology International Co.,Ltd
   3          //--------------------------------------------------------------------------
   4          //
   5          // file name  :       ad7298.c
   6          //
   7          // description:       ad7298 driver
   8          //
   9          // Target     :       ad7298
  10          //
  11          // version    :       V100.001
  12          //                                        2019/08/30 wm
  13          //
  14          //--------------------------------------------------------------------------
  15          
  16          #include "include.h"
  17          SI_SEGMENT_VARIABLE( ad7298_data[4], uint16_t, SI_SEG_XDATA );
  18          SI_SEGMENT_VARIABLE( ad7298_value[4], uint32_t, SI_SEG_XDATA );
  19          //uint16_t ad7298_data[4];
  20          //uint32_t idata ad7298_value[4];
  21          
  22          //-----------------------------------------------------------------------------
  23          // ad7298 init
  24          //-----------------------------------------------------------------------------
  25          //
  26          // Return Value:
  27          // Parameters:
  28          //
  29          // Configures
  30          //
  31          //-----------------------------------------------------------------------------
  32           uint8_t ad7298_init(void)
  33           {
  34   1              spi_init();
  35   1              ad7298_read(0);
  36   1              ad7298_read(1);
  37   1      
  38   1              ad7298_value[0] = 0x00;
  39   1              ad7298_value[1] = 0x00;
  40   1              ad7298_value[2] = 0x00;
  41   1              ad7298_value[3] = 0x00;
  42   1      
  43   1              return 0;
  44   1       }
  45          
  46          //-----------------------------------------------------------------------------
  47          // ad7298 read
  48          //-----------------------------------------------------------------------------
  49          //
  50          // Return Value:
C51 COMPILER V9.53.0.0   DEVICE_AD7298                                                     08/06/2020 18:09:13 PAGE 2   

  51          // Parameters:
  52          //
  53          // Configures
  54          //
  55          //-----------------------------------------------------------------------------
  56          uint16_t ad7298_read(uint16_t channel)
  57          {
  58   1              uint16_t temp[3];
  59   1              uint16_t value;
  60   1              uint8_t i;
  61   1              channel &= 0x07;
  62   1              switch(channel){
  63   2              case 0x00: channel = 0x80;break;
  64   2              case 0x01: channel = 0x40;break;
  65   2              case 0x02: channel = 0x20;break;
  66   2              case 0x03: channel = 0x10;break;
  67   2              case 0x04: channel = 0x08;break;
  68   2              case 0x05: channel = 0x04;break;
  69   2              case 0x06: channel = 0x02;break;
  70   2              case 0x07: channel = 0x01;break;
  71   2              }
  72   1              temp[0] = 0x8018 | (channel << 6);
  73   1              temp[1] = 0x0000;
  74   1              temp[2] = 0x0000;
  75   1              for(i = 0;i < 3;i++){
  76   2                      Port_SPI_CS0 = 0;
  77   2                      delay_us_timer1(2);
  78   2                      value = spi_send(temp[i]);
  79   2                      delay_us_timer1(2);
  80   2                      Port_SPI_CS0 = 1;
  81   2                      delay_us_timer1(2);
  82   2              }
  83   1              return value;
  84   1      }
  85          //-----------------------------------------------------------------------------


MODULE INFORMATION:   STATIC OVERLAYABLE
   CODE SIZE        =    252    ----
   CONSTANT SIZE    =   ----    ----
   XDATA SIZE       =     24    ----
   PDATA SIZE       =   ----    ----
   DATA SIZE        =   ----       9
   IDATA SIZE       =   ----    ----
   BIT SIZE         =   ----    ----
   EDATA SIZE       =   ----    ----
   HDATA SIZE       =   ----    ----
   XDATA CONST SIZE =   ----    ----
   FAR CONST SIZE   =   ----    ----
END OF MODULE INFORMATION.


C51 COMPILATION COMPLETE.  0 WARNING(S),  0 ERROR(S)
