C51 COMPILER V9.53.0.0   DEVICE_AD7682                                                     09/09/2019 10:49:30 PAGE 1   


C51 COMPILER V9.53.0.0, COMPILATION OF MODULE DEVICE_AD7682
OBJECT MODULE PLACED IN .\src\device_ad7682.OBJ
COMPILER INVOKED BY: c:\SiliconLabs\SimplicityStudio\v4_3\developer\toolchains\keil_8051\9.53\BIN\C51.exe D:\wm\work\ros
                    -a_evk_with_cdr\software\F00016_rosa_evk_with_cdr_c8051f340\2019.09.09\ROSA_EVK_WITH_CDR\src\device_ad7682.c OMF2 SMALL D
                    -EBUG OBJECTEXTEND ROM(LARGE) WARNINGLEVEL(2) FLOATFUZZY(3) OPTIMIZE(8,SPEED) INTVECTOR(0X0000) INTPROMOTE INCDIR(C:/Sili
                    -conLabs/SimplicityStudio/v4_3/developer/sdks/8051/v4.1.6//Device/shared/si8051Base;C:/SiliconLabs/SimplicityStudio/v4_3/
                    -developer/sdks/8051/v4.1.6//Device/C8051F340/inc;C:/SiliconLabs/SimplicityStudio/v4_3/developer/sdks/8051/v4.1.6//exampl
                    -es/C8051F340DK/USB/USBXpress/C8051F340_USBXpress_Echo/src;C:/SiliconLabs/SimplicityStudio/v4_3/developer/sdks/8051/v4.1.
                    -6//Lib/USBXpress) PRINT(.\src\device_ad7682.lst) COND PAGEWIDTH(120) PAGELENGTH(65) OBJECT(.\src\device_ad7682.OBJ)

line level    source

   1          //--------------------------------------------------------------------------
   2          //      Copyright (c) 2017-2018, xy-technology International Co.,Ltd
   3          //--------------------------------------------------------------------------
   4          //
   5          // file name  :       ad7682.c
   6          //
   7          // description:       ad7682 driver
   8          //
   9          // Target     :       ad7682
  10          //
  11          // version    :       V100.001
  12          //                                        2018/09/29 by ysung
  13          //
  14          //--------------------------------------------------------------------------
  15          
  16          #include "include.h"
  17          
  18          //uint16_t ad7682_data[4];
  19          //uint32_t idata ad7682_value[4];
  20          SI_SEGMENT_VARIABLE( ad7682_data[4], uint16_t, SI_SEG_XDATA );
  21          SI_SEGMENT_VARIABLE( ad7682_value[4], uint32_t, SI_SEG_XDATA );
  22          
  23          //-----------------------------------------------------------------------------
  24          // ad7682 init
  25          //-----------------------------------------------------------------------------
  26          //
  27          // Return Value:
  28          // Parameters:
  29          //
  30          // Configures
  31          //
  32          //-----------------------------------------------------------------------------
  33           uint8_t ad7682_init(void)
  34           {
  35   1              spi_init();
  36   1              ad7682_read(0);
  37   1              ad7682_read(1);
  38   1      
  39   1              ad7682_value[0] = 0x00;
  40   1              ad7682_value[1] = 0x00;
  41   1              ad7682_value[2] = 0x00;
  42   1              ad7682_value[3] = 0x00;
  43   1      
  44   1              return 0;
  45   1       }
  46          
  47          //-----------------------------------------------------------------------------
  48          // ad7682 read
  49          //-----------------------------------------------------------------------------
  50          //
C51 COMPILER V9.53.0.0   DEVICE_AD7682                                                     09/09/2019 10:49:30 PAGE 2   

  51          // Return Value:
  52          // Parameters:
  53          //
  54          // Configures
  55          //
  56          //-----------------------------------------------------------------------------
  57          uint16_t ad7682_read(uint16_t channel)
  58          {
  59   1              uint16_t temp;
  60   1              uint16_t value;
  61   1      
  62   1              Port_SPI_CS0 = 0;
  63   1      
  64   1              channel &= 0x07;
  65   1              temp = 0x3c41 | (channel << 7);
  66   1              temp <<= 2;
  67   1      
  68   1              value = spi_send(temp);
  69   1      
  70   1              Port_SPI_CS0 = 1;
  71   1              delay_us_timer1(2);
  72   1      
  73   1              return value;
  74   1      }
  75          //-----------------------------------------------------------------------------
  76          // ad7682 read all
  77          //-----------------------------------------------------------------------------
  78          //
  79          // Return Value:
  80          // Parameters:
  81          //
  82          // Configures
  83          //
  84          //-----------------------------------------------------------------------------
  85          uint8_t ad7682_read_all(void)
  86          {
  87   1              static int counter = 0x00;
  88   1      
  89   1              ad7682_value[0] += ad7682_read(2);
  90   1              ad7682_value[1] += ad7682_read(3);
  91   1              ad7682_value[2] += ad7682_read(0);
  92   1              ad7682_value[3] += ad7682_read(1);
  93   1      
  94   1              if(counter ++ == 0x09){
  95   2                      counter = 0;
  96   2                      ad7682_data[0]= ad7682_value[0] / 10;
  97   2                      ad7682_data[1]= ad7682_value[1] / 10;
  98   2                      ad7682_data[2]= ad7682_value[2] / 10;
  99   2                      ad7682_data[3]= ad7682_value[3] / 10;
 100   2      
 101   2                      ad7682_value[0] = 0x00;
 102   2                      ad7682_value[1] = 0x00;
 103   2                      ad7682_value[2] = 0x00;
 104   2                      ad7682_value[3] = 0x00;
 105   2              }
 106   1      
 107   1              return 0;
 108   1      }


MODULE INFORMATION:   STATIC OVERLAYABLE
   CODE SIZE        =    538    ----
   CONSTANT SIZE    =   ----    ----
C51 COMPILER V9.53.0.0   DEVICE_AD7682                                                     09/09/2019 10:49:30 PAGE 3   

   XDATA SIZE       =     24    ----
   PDATA SIZE       =   ----    ----
   DATA SIZE        =      2       2
   IDATA SIZE       =   ----    ----
   BIT SIZE         =   ----    ----
   EDATA SIZE       =   ----    ----
   HDATA SIZE       =   ----    ----
   XDATA CONST SIZE =   ----    ----
   FAR CONST SIZE   =   ----    ----
END OF MODULE INFORMATION.


C51 COMPILATION COMPLETE.  0 WARNING(S),  0 ERROR(S)
