C51 COMPILER V9.53.0.0   DEVICE_PAC1932                                                    08/06/2020 18:09:14 PAGE 1   


C51 COMPILER V9.53.0.0, COMPILATION OF MODULE DEVICE_PAC1932
OBJECT MODULE PLACED IN .\src\device_pac1932.OBJ
COMPILER INVOKED BY: c:\SiliconLabs\SimplicityStudio\v4\developer\toolchains\keil_8051\9.53\BIN\C51.exe F:\work\ROSA_Pow
                    -er\software\C8051\2020.08.06_c8051\ROSA_POWER_EVK\src\device_pac1932.c OMF2 SMALL DEBUG OBJECTEXTEND ROM(LARGE) WARNINGL
                    -EVEL(2) FLOATFUZZY(3) OPTIMIZE(8,SPEED) INTVECTOR(0X0000) INTPROMOTE INCDIR(C:/SiliconLabs/SimplicityStudio/v4/developer
                    -/sdks/8051/v4.1.1//Device/shared/si8051Base;C:/SiliconLabs/SimplicityStudio/v4/developer/sdks/8051/v4.1.1//Device/C8051F
                    -340/inc;C:/SiliconLabs/SimplicityStudio/v4/developer/sdks/8051/v4.1.1//examples/C8051F340DK/USB/USBXpress/C8051F340_USBX
                    -press_Echo/src;C:/SiliconLabs/SimplicityStudio/v4/developer/sdks/8051/v4.1.1//Lib/USBXpress) PRINT(.\src\device_pac1932.
                    -lst) COND PAGEWIDTH(120) PAGELENGTH(65) OBJECT(.\src\device_pac1932.OBJ)

line level    source

   1          //--------------------------------------------------------------------------
   2          //      Copyright (c) 2017-2018, xy-technology International Co.,Ltd
   3          //--------------------------------------------------------------------------
   4          //
   5          // file name  :       pac1932.c
   6          //
   7          // description:       pac1932 driver
   8          //
   9          // Target     :       pac1932
  10          //
  11          // version    :       V100.001
  12          //                                        2018/09/29 by ysung
  13          //
  14          //--------------------------------------------------------------------------
  15          
  16          #include "include.h"
  17          
  18          //-----------------------------------------------------------------------------
  19          // pac1932 init
  20          //-----------------------------------------------------------------------------
  21          //
  22          // Return Value:
  23          // Parameters:
  24          //
  25          // Configures
  26          //
  27          //-----------------------------------------------------------------------------
  28           uint8_t pac1932_init(void)
  29           {
  30   1              uint8_t temp;
  31   1              //enable chip
  32   1              Port_PWRDN = 1;
  33   1      
  34   1              temp = 0x70;
  35   1              pac1932_write(CHANNEL_DIS,1,&temp);
  36   1              pac1932_write(REFRESH_V_CMD,0,&temp);
  37   1              delay_us_timer1(1000);
  38   1              return 0;
  39   1       }
  40          
  41          //-----------------------------------------------------------------------------
  42          // pac1932 read
  43          //-----------------------------------------------------------------------------
  44          //
  45          // Return Value:
  46          // Parameters:
  47          //
  48          // Configures
  49          //
  50          //-----------------------------------------------------------------------------
C51 COMPILER V9.53.0.0   DEVICE_PAC1932                                                    08/06/2020 18:09:14 PAGE 2   

  51          uint8_t pac1932_read(uint8_t address,uint8_t len,uint8_t *buffer)
  52          {
  53   1              I2C_Master_readBytes(PAC1932_SLAVE_ADDR,address,len,buffer);
  54   1              return 0;
  55   1      }
  56          
  57          //-----------------------------------------------------------------------------
  58          // pac1932 write
  59          //-----------------------------------------------------------------------------
  60          //
  61          // Return Value:
  62          // Parameters:
  63          //
  64          // Configures
  65          //
  66          //-----------------------------------------------------------------------------
  67          uint8_t pac1932_write(uint8_t address,uint8_t len,uint8_t *buffer)
  68          {
  69   1              I2C_Master_writeBytes(PAC1932_SLAVE_ADDR,address,len,buffer);
  70   1              return 0;
  71   1      }
  72          //-----------------------------------------------------------------------------
  73          // pac1932 read ch1
  74          //-----------------------------------------------------------------------------
  75          //
  76          // Return Value:
  77          // Parameters:
  78          //
  79          // Configures
  80          //
  81          //-----------------------------------------------------------------------------
  82          uint16_t pac1932_read_vsense_1(void)
  83          {
  84   1              uint8_t buffer[2];
  85   1              uint16_t temp = 0x0000;
  86   1      
  87   1              IE_EA = 0;
  88   1              pac1932_write(REFRESH_V_CMD,0,buffer);
  89   1              IE_EA = 1;
  90   1              delay_us_timer1(1000);
  91   1      
  92   1              IE_EA = 0;
  93   1              pac1932_read(VSENSE1_AVG_REG,2,buffer);
  94   1              IE_EA = 1;
  95   1      
  96   1              temp = ((buffer[0] << 8) & 0xff00);
  97   1              temp |= (buffer[1] & 0x00ff);
  98   1      
  99   1              return temp;
 100   1      }
 101          //-----------------------------------------------------------------------------
 102          // pac1932 read ch1
 103          //-----------------------------------------------------------------------------
 104          //
 105          // Return Value:
 106          // Parameters:
 107          //
 108          // Configures
 109          //
 110          //-----------------------------------------------------------------------------
 111          uint16_t pac1932_read_vbus_1(void)
 112          {
 113   1              uint8_t buffer[2];
C51 COMPILER V9.53.0.0   DEVICE_PAC1932                                                    08/06/2020 18:09:14 PAGE 3   

 114   1              uint16_t temp = 0x0000;
 115   1      
 116   1              IE_EA = 0;
 117   1              pac1932_write(REFRESH_V_CMD,0,buffer);
 118   1              IE_EA = 1;
 119   1              delay_us_timer1(1000);
 120   1      
 121   1              IE_EA = 0;
 122   1              pac1932_read(VBUS1_REG,2,buffer);
 123   1              IE_EA = 1;
 124   1      
 125   1              temp = ((buffer[0] << 8) & 0xff00);
 126   1              temp |= (buffer[1] & 0x00ff);
 127   1      
 128   1              return temp;
 129   1      }
 130          
 131          //-----------------------------------------------------------------------------
 132          // pac1932 read ch1
 133          //-----------------------------------------------------------------------------
 134          //
 135          // Return Value:
 136          // Parameters:
 137          //
 138          // Configures
 139          //
 140          //-----------------------------------------------------------------------------
 141          uint8_t pac1932_read_pid(void)
 142          {
 143   1              uint8_t temp = 0x00;
 144   1      
 145   1              pac1932_read(VERSION,1,&temp);
 146   1      
 147   1              return temp;
 148   1      }


MODULE INFORMATION:   STATIC OVERLAYABLE
   CODE SIZE        =    223    ----
   CONSTANT SIZE    =   ----    ----
   XDATA SIZE       =   ----    ----
   PDATA SIZE       =   ----    ----
   DATA SIZE        =   ----      12
   IDATA SIZE       =   ----    ----
   BIT SIZE         =   ----    ----
   EDATA SIZE       =   ----    ----
   HDATA SIZE       =   ----    ----
   XDATA CONST SIZE =   ----    ----
   FAR CONST SIZE   =   ----    ----
END OF MODULE INFORMATION.


C51 COMPILATION COMPLETE.  0 WARNING(S),  0 ERROR(S)
