C51 COMPILER V9.60.0.0   ROSA_POWER_MAIN                                                   08/26/2020 18:25:44 PAGE 1   


C51 COMPILER V9.60.0.0, COMPILATION OF MODULE ROSA_POWER_MAIN
OBJECT MODULE PLACED IN .\src\rosa_power_main.OBJ
COMPILER INVOKED BY: c:\SiliconLabs\SimplicityStudio\v4\developer\toolchains\keil_8051\9.60\BIN\C51.exe D:\workfile\ROSA
                    -_EVK_V2\software\F00016_ROSA_POWE_EVK_V2\C8051\2020.08.06_c8051\ROSA_POWER_EVK\src\rosa_power_main.c OMF2 SMALL DEBUG OB
                    -JECTEXTEND ROM(LARGE) WARNINGLEVEL(2) FLOATFUZZY(3) OPTIMIZE(8,SPEED) INTVECTOR(0X0000) INTPROMOTE INCDIR(C:/SiliconLabs
                    -/SimplicityStudio/v4/developer/sdks/8051/v4.1.7//Device/shared/si8051Base;C:/SiliconLabs/SimplicityStudio/v4/developer/s
                    -dks/8051/v4.1.7//Device/C8051F340/inc;C:/SiliconLabs/SimplicityStudio/v4/developer/sdks/8051/v4.1.7//examples/C8051F340D
                    -K/USB/USBXpress/C8051F340_USBXpress_Echo/src;C:/SiliconLabs/SimplicityStudio/v4/developer/sdks/8051/v4.1.7//Lib/USBXpres
                    -s) PRINT(.\src\rosa_power_main.lst) COND PAGEWIDTH(120) PAGELENGTH(65) OBJECT(.\src\rosa_power_main.OBJ)

line level    source

   1          //-----------------------------------------------------------------------------
   2          //      Copyright (c) 2017-2018, xy-technology International Co.,Ltd
   3          //-----------------------------------------------------------------------------
   4          //
   5          // file name  :       ROSA_EVK.c
   6          //
   7          // description:       main file
   8          //
   9          // Target     :       C8051F34x
  10          //
  11          // version    :       V100.001
  12          //                                        2017/11/16 by roy zhou
  13          //
  14          //-----------------------------------------------------------------------------
  15          
  16          //-----------------------------------------------------------------------------
  17          // Includes
  18          //-----------------------------------------------------------------------------
  19          #include "include.h"
  20          
  21          SI_SEGMENT_VARIABLE(ad5629IsCuted, uint8_t, SI_SEG_XDATA);
  22          
  23          //-----------------------------------------------------------------------------
  24          // main() Routine
  25          // ----------------------------------------------------------------------------
  26          // Note: the software watchdog timer is not disabled by default in this
  27          // example, so a long-running program will reset periodically unless
  28          // the timer is disabled or your program periodically writes to it.
  29          //
  30          // Review the "Watchdog Timer" section under the part family's datasheet
  31          // for details. To find the datasheet, select your part in the
  32          // Simplicity Launcher and click on "Data Sheet".
  33          //-----------------------------------------------------------------------------
  34          int main (void)
  35          {
  36   1              VDDMon_Init();                                             // Enable VDD Monitor and as a reset source
  37   1      
  38   1              Sysclk_Init();                         // Initialize system clock
  39   1      
  40   1              LoadFlash_File();                                          // load flash file
  41   1      
  42   1              Port_Init();                           // Initialize crossbar and GPIO
  43   1      
  44   1              Global_Value_Init();                               // Initialize Global Value
  45   1      
  46   1              ADC0_Init();                                               // Initialize ADC0
  47   1      
  48   1              I2C_Master_Init();                                         // Initialize I2C Master
  49   1              spi_init();
  50   1      
C51 COMPILER V9.60.0.0   ROSA_POWER_MAIN                                                   08/26/2020 18:25:44 PAGE 2   

  51   1              USB_Command_Init();                                        // Initialize USB Command tree
  52   1      
  53   1              AD5629_Init();                                             // Initialize AD5629
  54   1      
  55   1              ad7298_init();                                                  //initialize ad7298
  56   1      
  57   1              pac1932_init();                                                 //initialize pac1932
  58   1      
  59   1              // USBXpress Initialization
  60   1              USBX_init(&initStruct);
  61   1      
  62   1              // Enable USBXpress API interrupts
  63   1              USBX_apiCallbackEnable(my_usbxp_callback);
  64   1      
  65   1              IE_EA = 1; // Enable global interrupts
  66   1      
  67   1              ad5629IsCuted = 0x00;
  68   1      
  69   1              while (1)  // Spin forever
  70   1              {
  71   2                      if(ad5629IsCuted)
  72   2                      {
  73   3                              Port_Init();
  74   3                              AD5629_Init();
  75   3                              ad5629IsCuted = 0x00;
  76   3                      }
  77   2      
  78   2                      if( funccallback != NULL )
  79   2                      {
  80   3                              funccallback();
  81   3                              funccallback = NULL;
  82   3                      }
  83   2                      WriteFlash_File();
  84   2                      Port_Monitor_Ctrl();
  85   2      
  86   2              }
  87   1      }


MODULE INFORMATION:   STATIC OVERLAYABLE
   CODE SIZE        =    110    ----
   CONSTANT SIZE    =   ----    ----
   XDATA SIZE       =      1    ----
   PDATA SIZE       =   ----    ----
   DATA SIZE        =   ----    ----
   IDATA SIZE       =   ----    ----
   BIT SIZE         =   ----    ----
   EDATA SIZE       =   ----    ----
   HDATA SIZE       =   ----    ----
   XDATA CONST SIZE =   ----    ----
   FAR CONST SIZE   =   ----    ----
END OF MODULE INFORMATION.


C51 COMPILATION COMPLETE.  0 WARNING(S),  0 ERROR(S)
