C51 COMPILER V9.53.0.0   ROSA_EVK_WITH_CDR_MAIN                                            05/19/2020 09:45:34 PAGE 1   


C51 COMPILER V9.53.0.0, COMPILATION OF MODULE ROSA_EVK_WITH_CDR_MAIN
OBJECT MODULE PLACED IN .\src\ROSA_EVK_WITH_CDR_main.OBJ
COMPILER INVOKED BY: c:\SiliconLabs\SimplicityStudio\v4\developer\toolchains\keil_8051\9.53\BIN\C51.exe F:\work\rosa_cdr
                    -_evk\software\C8051\2020.05.19_c8051\ROSA_EVK_WITH_CDR\src\ROSA_EVK_WITH_CDR_main.c OMF2 SMALL DEBUG OBJECTEXTEND ROM(LA
                    -RGE) WARNINGLEVEL(2) FLOATFUZZY(3) OPTIMIZE(8,SPEED) INTVECTOR(0X0000) INTPROMOTE INCDIR(C:/SiliconLabs/SimplicityStudio
                    -/v4/developer/sdks/8051/v4.1.1//Device/shared/si8051Base;C:/SiliconLabs/SimplicityStudio/v4/developer/sdks/8051/v4.1.1//
                    -Device/C8051F340/inc;C:/SiliconLabs/SimplicityStudio/v4/developer/sdks/8051/v4.1.1//examples/C8051F340DK/USB/USBXpress/C
                    -8051F340_USBXpress_Echo/src;C:/SiliconLabs/SimplicityStudio/v4/developer/sdks/8051/v4.1.1//Lib/USBXpress) PRINT(.\src\RO
                    -SA_EVK_WITH_CDR_main.lst) COND PAGEWIDTH(120) PAGELENGTH(65) OBJECT(.\src\ROSA_EVK_WITH_CDR_main.OBJ)

line level    source

   1          //-----------------------------------------------------------------------------
   2          //      Copyright (c) 2017-2018, xy-technology International Co.,Ltd
   3          //-----------------------------------------------------------------------------
   4          //
   5          // file name  :       ROSA_EVK.c
   6          //
   7          // description:       main file
   8          //
   9          // Target     :       C8051F34x
  10          //
  11          // version    :       V100.001
  12          //                                        2017/11/16 by roy zhou
  13          //
  14          //-----------------------------------------------------------------------------
  15          
  16          //-----------------------------------------------------------------------------
  17          // Includes
  18          //-----------------------------------------------------------------------------
  19          #include "include.h"
  20          
  21          //-----------------------------------------------------------------------------
  22          // main() Routine
  23          // ----------------------------------------------------------------------------
  24          // Note: the software watchdog timer is not disabled by default in this
  25          // example, so a long-running program will reset periodically unless
  26          // the timer is disabled or your program periodically writes to it.
  27          //
  28          // Review the "Watchdog Timer" section under the part family's datasheet
  29          // for details. To find the datasheet, select your part in the
  30          // Simplicity Launcher and click on "Data Sheet".
  31          //-----------------------------------------------------------------------------
  32          int main (void)
  33          {
  34   1              VDDMon_Init();                                             // Enable VDD Monitor and as a reset source
  35   1      
  36   1              Sysclk_Init();                         // Initialize system clock
  37   1      
  38   1              LoadFlash_File();                                          // load flash file
  39   1      
  40   1              Port_Init();                           // Initialize crossbar and GPIO
  41   1      
  42   1              Global_Value_Init();                               // Initialize Global Value
  43   1      
  44   1              ADC0_Init();                                               // Initialize ADC0
  45   1      
  46   1              I2C_Master_Init();                                         // Initialize I2C Master
  47   1              spi_init();
  48   1      
  49   1              USB_Command_Init();                                        // Initialize USB Command tree
  50   1      
C51 COMPILER V9.53.0.0   ROSA_EVK_WITH_CDR_MAIN                                            05/19/2020 09:45:34 PAGE 2   

  51   1              AD5629_Init();                                             // Initialize AD5629
  52   1      
  53   1              ad7298_init();//initialize ad7298
  54   1      
  55   1              MASC37048_Init();//initialize masc37048
  56   1              pac1932_init();//initialize pac1932
  57   1      
  58   1              //ad7682_read_all();
  59   1      
  60   1              // USBXpress Initialization
  61   1              USBX_init(&initStruct);
  62   1      
  63   1              // Enable USBXpress API interrupts
  64   1              USBX_apiCallbackEnable(my_usbxp_callback);
  65   1      
  66   1              IE_EA = 1; // Enable global interrupts
  67   1      
  68   1              while (1)  // Spin forever
  69   1              {
  70   2                      if( funccallback != NULL )
  71   2                      {
  72   3                              funccallback();
  73   3                              funccallback = NULL;
  74   3                      }
  75   2                      WriteFlash_File();
  76   2                      Port_Monitor_Ctrl();
  77   2      
  78   2              }
  79   1      }


MODULE INFORMATION:   STATIC OVERLAYABLE
   CODE SIZE        =     91    ----
   CONSTANT SIZE    =   ----    ----
   XDATA SIZE       =   ----    ----
   PDATA SIZE       =   ----    ----
   DATA SIZE        =   ----    ----
   IDATA SIZE       =   ----    ----
   BIT SIZE         =   ----    ----
   EDATA SIZE       =   ----    ----
   HDATA SIZE       =   ----    ----
   XDATA CONST SIZE =   ----    ----
   FAR CONST SIZE   =   ----    ----
END OF MODULE INFORMATION.


C51 COMPILATION COMPLETE.  0 WARNING(S),  0 ERROR(S)
