C51 COMPILER V9.53.0.0   TIMER                                                             08/06/2020 18:09:19 PAGE 1   


C51 COMPILER V9.53.0.0, COMPILATION OF MODULE TIMER
OBJECT MODULE PLACED IN .\src\timer.OBJ
COMPILER INVOKED BY: c:\SiliconLabs\SimplicityStudio\v4\developer\toolchains\keil_8051\9.53\BIN\C51.exe F:\work\ROSA_Pow
                    -er\software\C8051\2020.08.06_c8051\ROSA_POWER_EVK\src\timer.c OMF2 SMALL DEBUG OBJECTEXTEND ROM(LARGE) WARNINGLEVEL(2) F
                    -LOATFUZZY(3) OPTIMIZE(8,SPEED) INTVECTOR(0X0000) INTPROMOTE INCDIR(C:/SiliconLabs/SimplicityStudio/v4/developer/sdks/805
                    -1/v4.1.1//Device/shared/si8051Base;C:/SiliconLabs/SimplicityStudio/v4/developer/sdks/8051/v4.1.1//Device/C8051F340/inc;C
                    -:/SiliconLabs/SimplicityStudio/v4/developer/sdks/8051/v4.1.1//examples/C8051F340DK/USB/USBXpress/C8051F340_USBXpress_Ech
                    -o/src;C:/SiliconLabs/SimplicityStudio/v4/developer/sdks/8051/v4.1.1//Lib/USBXpress) PRINT(.\src\timer.lst) COND PAGEWIDT
                    -H(120) PAGELENGTH(65) OBJECT(.\src\timer.OBJ)

line level    source

   1          //-----------------------------------------------------------------------------
   2          //      Copyright (c) 2017-2018, xy-technology International Co.,Ltd
   3          //-----------------------------------------------------------------------------
   4          //
   5          // file name  :       timer.c
   6          //
   7          // description:       timer set file
   8          //
   9          // Target     :       C8051F34x / C8051F38x
  10          //
  11          // version    :       V100.001
  12          //                                        2017/11/16 by roy zhou
  13          //
  14          //-----------------------------------------------------------------------------
  15          #include "include.h"
  16          
  17          // -----------------------------------------------------------------------------
  18          // Variable Declarations
  19          
  20          //-----------------------------------------------------------------------------
  21          // delay_us_timer1
  22          //-----------------------------------------------------------------------------
  23          //
  24          // Return Value:  ADC positive input
  25          // Parameters:    delay us
  26          //
  27          // Configures     delay us
  28          //
  29          //-----------------------------------------------------------------------------
  30          void delay_us_timer1( uint32_t delay_us )
  31          {
  32   1              volatile uint32_t i = 0;
  33   1              volatile uint8_t  j = 0;
  34   1      
  35   1              for( i = 0; i < delay_us; i++ )
  36   1              {
  37   2                      for( j = 0; j < 8; j++ )
  38   2                      {
  39   3                              ;
  40   3                      }
  41   2              }
  42   1      }
  43          


MODULE INFORMATION:   STATIC OVERLAYABLE
   CODE SIZE        =     87    ----
   CONSTANT SIZE    =   ----    ----
   XDATA SIZE       =   ----    ----
   PDATA SIZE       =   ----    ----
C51 COMPILER V9.53.0.0   TIMER                                                             08/06/2020 18:09:19 PAGE 2   

   DATA SIZE        =   ----       9
   IDATA SIZE       =   ----    ----
   BIT SIZE         =   ----    ----
   EDATA SIZE       =   ----    ----
   HDATA SIZE       =   ----    ----
   XDATA CONST SIZE =   ----    ----
   FAR CONST SIZE   =   ----    ----
END OF MODULE INFORMATION.


C51 COMPILATION COMPLETE.  0 WARNING(S),  0 ERROR(S)
